478- Tour Guide/FragmentDynamicLayout/app/build/outputs/logs/manifest-merger-debug-report.txt
-- Merging decision tree log ---
manifest
ADDED from src/main/AndroidManifest.xml:2:1-48:12
	xmlns:android
		ADDED from src/main/AndroidManifest.xml:2:11-69
	package
		ADDED from src/main/AndroidManifest.xml:3:5-54
		INJECTED from src/main/AndroidManifest.xml
		INJECTED from src/main/AndroidManifest.xml
	android:versionName
		ADDED from src/main/AndroidManifest.xml:5:5-30
		INJECTED from src/main/AndroidManifest.xml
		INJECTED from src/main/AndroidManifest.xml
	android:versionCode
		ADDED from src/main/AndroidManifest.xml:4:5-28
		INJECTED from src/main/AndroidManifest.xml
		INJECTED from src/main/AndroidManifest.xml
uses-sdk
ADDED from src/main/AndroidManifest.xml:7:5-9:41
	android:targetSdkVersion
		ADDED from src/main/AndroidManifest.xml:9:9-38
		INJECTED from src/main/AndroidManifest.xml
		INJECTED from src/main/AndroidManifest.xml
	android:minSdkVersion
		ADDED from src/main/AndroidManifest.xml:8:9-35
		INJECTED from src/main/AndroidManifest.xml
		INJECTED from src/main/AndroidManifest.xml
uses-permission#android.permission.INTERNET
ADDED from src/main/AndroidManifest.xml:11:5-67
	android:name
		ADDED from src/main/AndroidManifest.xml:11:22-64
application
ADDED from src/main/AndroidManifest.xml:12:5-46:19
	android:label
		ADDED from src/main/AndroidManifest.xml:15:9-41
	android:allowBackup
		ADDED from src/main/AndroidManifest.xml:13:9-36
	android:icon
		ADDED from src/main/AndroidManifest.xml:14:9-45
activity#course.examples.Fragments.DynamicLayout.QuoteViewerActivity
ADDED from src/main/AndroidManifest.xml:16:9-25:20
	android:label
		ADDED from src/main/AndroidManifest.xml:18:13-57
	android:configChanges
		ADDED from src/main/AndroidManifest.xml:19:13-74
	android:name
		ADDED from src/main/AndroidManifest.xml:17:13-48
intent-filter#android.intent.action.MAIN+android.intent.category.LAUNCHER
ADDED from src/main/AndroidManifest.xml:20:13-24:29
action#android.intent.action.MAIN
ADDED from src/main/AndroidManifest.xml:21:17-69
	android:name
		ADDED from src/main/AndroidManifest.xml:21:25-66
category#android.intent.category.LAUNCHER
ADDED from src/main/AndroidManifest.xml:23:17-77
	android:name
		ADDED from src/main/AndroidManifest.xml:23:27-74
activity#course.examples.Fragments.DynamicLayout.SecQuoteViewerActivity
ADDED from src/main/AndroidManifest.xml:26:9-35:20
	android:label
		ADDED from src/main/AndroidManifest.xml:28:13-45
	android:configChanges
		ADDED from src/main/AndroidManifest.xml:29:13-74
	android:name
		ADDED from src/main/AndroidManifest.xml:27:13-51
receiver#course.examples.Fragments.DynamicLayout.Receiver
ADDED from src/main/AndroidManifest.xml:36:9-45:20
	android:label
		ADDED from src/main/AndroidManifest.xml:37:13-39
	android:exported
		ADDED from src/main/AndroidManifest.xml:40:13-36
	android:enabled
		ADDED from src/main/AndroidManifest.xml:38:13-35
	android:name
		ADDED from src/main/AndroidManifest.xml:39:13-36
intent-filter#com.xyz.fayazkhan.reciever.show
ADDED from src/main/AndroidManifest.xml:41:13-44:29
	android:priority
		ADDED from src/main/AndroidManifest.xml:41:28-48
action#com.xyz.fayazkhan.reciever.show
ADDED from src/main/AndroidManifest.xml:42:17-43:26
	android:name
		ADDED from src/main/AndroidManifest.xml:42:25-71